<?xml version="1.0" encoding="UTF-8"?>
<!-- Generated by org.testng.reporters.JUnitReportReporter -->
<testsuite hostname="LAPTOP-2OTSA7G8" failures="0" tests="1" name="com.training.sanity.tests.Useraddtocourse" time="36.205" errors="0" timestamp="2019-09-05T10:08:31 IST" skipped="0">
  <testcase classname="com.training.sanity.tests.Useraddtocourse" name="validdeletecourse" time="36.205"/>
</testsuite> <!-- com.training.sanity.tests.Useraddtocourse -->
