<?xml version="1.0" encoding="UTF-8"?>
<!-- Generated by org.testng.reporters.JUnitReportReporter -->
<testsuite hostname="LAPTOP-2OTSA7G8" failures="0" tests="1" name="com.training.sanity.tests.LoginTests" time="24.070" errors="0" timestamp="2019-09-05T09:43:58 IST" skipped="0">
  <testcase classname="com.training.sanity.tests.LoginTests" name="validLoginTest" time="24.070"/>
</testsuite> <!-- com.training.sanity.tests.LoginTests -->
