<?xml version="1.0" encoding="UTF-8"?>
<!-- Generated by org.testng.reporters.JUnitReportReporter -->
<testsuite hostname="LAPTOP-2OTSA7G8" failures="0" tests="1" name="com.training.sanity.tests.Deletecourse" time="32.769" errors="0" timestamp="2019-09-04T15:09:49 IST" skipped="0">
  <testcase classname="com.training.sanity.tests.Deletecourse" name="validdeletecourse" time="32.769"/>
</testsuite> <!-- com.training.sanity.tests.Deletecourse -->
