<?xml version="1.0" encoding="UTF-8"?>
<!-- Generated by org.testng.reporters.JUnitReportReporter -->
<testsuite hostname="LAPTOP-2OTSA7G8" failures="0" tests="3" name="com.training.regression.tests.LoginDBTest" time="67.827" errors="0" timestamp="2019-09-19T10:25:36 IST" skipped="0">
  <testcase classname="com.training.regression.tests.LoginDBTest" name="loginDBTest" time="23.473"/>
  <testcase classname="com.training.regression.tests.LoginDBTest" name="loginDBTest" time="24.914"/>
  <testcase classname="com.training.regression.tests.LoginDBTest" name="loginDBTest" time="19.440"/>
</testsuite> <!-- com.training.regression.tests.LoginDBTest -->
