<?xml version="1.0" encoding="UTF-8"?>
<!-- Generated by org.testng.reporters.JUnitReportReporter -->
<testsuite hostname="LAPTOP-2OTSA7G8" failures="0" tests="1" name="com.training.sanity.tests.Modifyuser" time="48.085" errors="0" timestamp="2019-09-10T19:18:37 IST" skipped="0">
  <testcase classname="com.training.sanity.tests.Modifyuser" name="validcreatecourse" time="48.085"/>
</testsuite> <!-- com.training.sanity.tests.Modifyuser -->
