<?xml version="1.0" encoding="UTF-8"?>
<!-- Generated by org.testng.reporters.JUnitReportReporter -->
<testsuite hostname="LAPTOP-2OTSA7G8" failures="0" tests="1" name="com.training.sanity.tests.Createcourse" time="19.179" errors="0" timestamp="2019-09-24T17:00:56 IST" skipped="0">
  <testcase classname="com.training.sanity.tests.Createcourse" name="validcreatecourse" time="19.179"/>
</testsuite> <!-- com.training.sanity.tests.Createcourse -->
