<?xml version="1.0" encoding="UTF-8"?>
<!-- Generated by org.testng.reporters.JUnitReportReporter -->
<testsuite hostname="LAPTOP-2OTSA7G8" failures="0" tests="1" name="com.training.sanity.tests.Generatestmnt" time="42.212" errors="0" timestamp="2019-09-12T11:01:21 IST" skipped="0">
  <testcase classname="com.training.sanity.tests.Generatestmnt" name="validcreatecourse" time="42.212"/>
</testsuite> <!-- com.training.sanity.tests.Generatestmnt -->
